<?xml version="1.0" encoding="UTF-8"?>
<testsuite xmlns:xsi="http://www.w3.org/2001/XMLSchema-instance" xsi:schemaLocation="https://maven.apache.org/surefire/maven-surefire-plugin/xsd/surefire-test-report.xsd" name="com.cybertek.implementation.ProjectServiceImplTest" time="1.301" tests="6" errors="0" skipped="1" failures="0">
  <properties>
[...]
</properties>
  <testcase name="delete_fail_Test" classname="com.cybertek.implementation.ProjectServiceImplTest" time="1.118"/>
  <testcase name="getByProjectCode_exception_Test" classname="com.cybertek.implementation.ProjectServiceImplTest" time="0.011"/>
  <testcase name="delete_success_Test" classname="com.cybertek.implementation.ProjectServiceImplTest" time="0.014"/>
  <testcase name="listAllProjects_success_Test" classname="com.cybertek.implementation.ProjectServiceImplTest" time="0.019"/>
  <testcase name="listAllProjects_emtpy_Test" classname="com.cybertek.implementation.ProjectServiceImplTest" time="0">
    <skipped message="void com.cybertek.implementation.ProjectServiceImplTest.listAllProjects_emtpy_Test() is @Disabled"/>
  </testcase>
  <testcase name="getByProjectCode_success_Test" classname="com.cybertek.implementation.ProjectServiceImplTest" time="0.007"/>
</testsuite>